2025-04-10 15:06:28,403 - INFO - Starting bypass process with URL: https://adrinolinks.in/HucM6
2025-04-10 15:06:28,404 - INFO - ====== WebDriver manager ======
2025-04-10 15:06:32,099 - INFO - Get LATEST chromedriver version for google-chrome
2025-04-10 15:06:32,337 - INFO - Get LATEST chromedriver version for google-chrome
2025-04-10 15:06:32,641 - INFO - Driver [C:\Users\Panchal Devang\.wdm\drivers\chromedriver\win64\135.0.7049.84\chromedriver-win32/chromedriver.exe] found in cache
2025-04-10 15:06:35,406 - INFO - WebDriver initialized (non-headless)
2025-04-10 15:06:35,407 - INFO - Processing Step 1/4: https://adrinolinks.in/HucM6
2025-04-10 15:06:42,036 - INFO - Found countdown button. Waiting 10 seconds...
2025-04-10 15:06:58,913 - INFO - Closed a popup advertisement
2025-04-10 15:07:15,527 - ERROR - Failed to close popups: Message: stale element reference: stale element not found
  (Session info: chrome=135.0.7049.42); For documentation on this error, please visit: https://www.selenium.dev/documentation/webdriver/troubleshooting/errors#stale-element-reference-exception
Stacktrace:
	GetHandleVerifier [0x006380E3+60707]
	GetHandleVerifier [0x00638124+60772]
	(No symbol) [0x00460683]
	(No symbol) [0x00472081]
	(No symbol) [0x00471160]
	(No symbol) [0x00467893]
	(No symbol) [0x00467973]
	(No symbol) [0x00465D9A]
	(No symbol) [0x00469345]
	(No symbol) [0x004EF741]
	(No symbol) [0x004CD04C]
	(No symbol) [0x004EE824]
	(No symbol) [0x004CCE46]
	(No symbol) [0x0049C5D3]
	(No symbol) [0x0049D424]
	GetHandleVerifier [0x0087BBC3+2435075]
	GetHandleVerifier [0x00877163+2416035]
	GetHandleVerifier [0x0089350C+2531660]
	GetHandleVerifier [0x0064F1B5+155125]
	GetHandleVerifier [0x00655B5D+182173]
	GetHandleVerifier [0x0063F9B8+91640]
	GetHandleVerifier [0x0063FB60+92064]
	GetHandleVerifier [0x0062A620+4704]
	BaseThreadInitThunk [0x75F3FCC9+25]
	RtlGetAppContainerNamedObjectPath [0x775082AE+286]
	RtlGetAppContainerNamedObjectPath [0x7750827E+238]

2025-04-10 15:07:15,527 - ERROR - Error on step 1: Failed to close popups, aborting step
2025-04-10 15:07:15,527 - ERROR - Failed to find next URL at step 1
2025-04-10 15:07:15,527 - ERROR - Did not complete all steps
2025-04-10 15:07:18,991 - INFO - WebDriver closed
2025-04-10 15:07:19,481 - ERROR - Failed to complete bypass process
2025-04-10 15:07:31,623 - INFO - Starting bypass process with URL: https://adrinolinks.in/HucM6
2025-04-10 15:07:31,623 - INFO - ====== WebDriver manager ======
2025-04-10 15:07:37,174 - INFO - Get LATEST chromedriver version for google-chrome
2025-04-10 15:07:37,461 - INFO - Get LATEST chromedriver version for google-chrome
2025-04-10 15:07:37,620 - INFO - Driver [C:\Users\Panchal Devang\.wdm\drivers\chromedriver\win64\135.0.7049.84\chromedriver-win32/chromedriver.exe] found in cache
2025-04-10 15:07:40,722 - INFO - WebDriver initialized (non-headless)
2025-04-10 15:07:40,723 - INFO - Processing Step 1/4: https://adrinolinks.in/HucM6
2025-04-10 15:08:26,040 - INFO - Found countdown button. Waiting 10 seconds...
2025-04-10 15:08:39,228 - INFO - Closed a popup advertisement
2025-04-10 15:08:41,957 - INFO - No more popups to close
2025-04-10 15:08:42,440 - INFO - Found 'Click here to proceed' button. Next URL: https://keedabankingnews.com/best-ipl-batting-performances-of-all-time/
2025-04-10 15:09:06,930 - INFO - Processing Step 2/4: https://keedabankingnews.com/best-ipl-batting-performances-of-all-time/
2025-04-10 15:09:28,074 - INFO - Found countdown button. Waiting 20 seconds...
2025-04-10 15:09:48,839 - INFO - Closed a popup advertisement
2025-04-10 15:09:51,822 - INFO - No more popups to close
2025-04-10 15:09:52,001 - INFO - Waiting an additional 5 seconds before clicking on Page 2...
2025-04-10 15:09:57,147 - INFO - Found 'Click here to proceed' button. Next URL: https://keedabankingnews.com/phonepe-se-loan-kaise-len/
2025-04-10 15:10:05,171 - INFO - Processing Step 3/4: https://keedabankingnews.com/phonepe-se-loan-kaise-len/
2025-04-10 15:10:09,731 - INFO - Found countdown button. Waiting 10 seconds...
2025-04-10 15:10:20,704 - INFO - Closed a popup advertisement
2025-04-10 15:10:23,570 - INFO - No more popups to close
2025-04-10 15:10:24,283 - INFO - Found 'Click here to proceed' button. Next URL: https://keedabankingnews.com/sahara-india-refund-start/
2025-04-10 15:10:32,819 - INFO - Processing Step 4/4: https://keedabankingnews.com/sahara-india-refund-start/
2025-04-10 15:10:40,253 - INFO - Found countdown button. Waiting 10 seconds...
2025-04-10 15:10:57,352 - INFO - Closed a popup advertisement
2025-04-10 15:10:59,624 - INFO - No more popups to close
2025-04-10 15:11:00,184 - INFO - No explicit 'Get Link' href found, constructed URL: https://keedabankingnews.com/sahara-india-refund-start/includes/open.php?id=HucM6
2025-04-10 15:11:28,602 - INFO - Waiting for final Telegram redirect...
2025-04-10 15:12:00,251 - ERROR - Error in bypass process: Message: 

2025-04-10 15:12:06,005 - INFO - WebDriver closed
2025-04-10 15:12:06,010 - ERROR - Failed to complete bypass process
2025-04-10 15:13:30,004 - INFO - Starting bypass process with URL: https://adrinolinks.in/HucM6
2025-04-10 15:13:30,005 - INFO - ====== WebDriver manager ======
2025-04-10 15:13:33,863 - INFO - Get LATEST chromedriver version for google-chrome
2025-04-10 15:13:34,113 - INFO - Get LATEST chromedriver version for google-chrome
2025-04-10 15:13:34,423 - INFO - Driver [C:\Users\Panchal Devang\.wdm\drivers\chromedriver\win64\135.0.7049.84\chromedriver-win32/chromedriver.exe] found in cache
2025-04-10 15:13:38,398 - INFO - WebDriver initialized (non-headless)
2025-04-10 15:13:38,398 - INFO - Processing Step 1/4: https://adrinolinks.in/HucM6
2025-04-10 15:14:02,445 - WARNING - Could not detect countdown time, defaulting to 15 seconds: 'NoneType' object has no attribute 'group'
2025-04-10 15:14:19,845 - INFO - Closed a popup advertisement
2025-04-10 15:14:21,970 - INFO - No more popups to close
2025-04-10 15:14:22,367 - INFO - Found 'Click here to proceed' button. Next URL: https://keedabankingnews.com/%e0%a4%86%e0%a4%82%e0%a4%97%e0%a4%a8%e0%a4%b5%e0%a4%be%e0%a4%a1%e0%a4%bc%e0%a5%80-%e0%a4%ad%e0%a4%b0%e0%a5%8d%e0%a4%a4%e0%a5%80-2025/
2025-04-10 15:14:32,505 - INFO - Processing Step 2/4: https://keedabankingnews.com/%e0%a4%86%e0%a4%82%e0%a4%97%e0%a4%a8%e0%a4%b5%e0%a4%be%e0%a4%a1%e0%a4%bc%e0%a5%80-%e0%a4%ad%e0%a4%b0%e0%a5%8d%e0%a4%a4%e0%a5%80-2025/
2025-04-10 15:14:42,502 - INFO - Detected countdown time: 4 seconds
2025-04-10 15:14:48,895 - INFO - Closed a popup advertisement
2025-04-10 15:14:51,474 - INFO - No more popups to close
2025-04-10 15:14:51,931 - INFO - Waiting an additional 5 seconds on Page 2 to stabilize...
2025-04-10 15:14:58,137 - INFO - Found 'Click here to proceed' button. Next URL: https://keedabankingnews.com/google-pay-se-loan-kaise-le/
2025-04-10 15:15:39,238 - INFO - Processing Step 3/4: https://keedabankingnews.com/google-pay-se-loan-kaise-le/
2025-04-10 15:15:52,706 - INFO - Detected countdown time: 2 seconds
2025-04-10 15:15:56,977 - INFO - Closed a popup advertisement
2025-04-10 15:15:59,047 - INFO - No more popups to close
2025-04-10 15:15:59,418 - INFO - Found 'Click here to proceed' button. Next URL: https://keedabankingnews.com/how-to-prevent-common-lifestyle-diseases-without-losing-your-mind/
2025-04-10 15:16:07,667 - INFO - Processing Step 4/4: https://keedabankingnews.com/how-to-prevent-common-lifestyle-diseases-without-losing-your-mind/
2025-04-10 15:16:11,406 - INFO - Detected countdown time: 9 seconds
2025-04-10 15:16:22,627 - INFO - Closed a popup advertisement
2025-04-10 15:16:24,765 - INFO - No more popups to close
2025-04-10 15:16:24,982 - INFO - No explicit 'Get Link' href found, constructed URL: https://keedabankingnews.com/how-to-prevent-common-lifestyle-diseases-without-losing-your-mind/includes/open.php?id=HucM6
2025-04-10 15:17:15,181 - INFO - Waiting for final Telegram redirect...
2025-04-10 15:17:46,315 - ERROR - Error in bypass process: Message: 

2025-04-10 15:18:06,381 - INFO - WebDriver closed
2025-04-10 15:18:06,382 - ERROR - Failed to complete bypass process
2025-04-10 15:24:22,042 - INFO - Starting bypass process with URL: https://adrinolinks.in/HucM6
2025-04-10 15:24:22,043 - INFO - ====== WebDriver manager ======
2025-04-10 15:24:23,494 - INFO - Get LATEST chromedriver version for google-chrome
2025-04-10 15:24:23,655 - INFO - Get LATEST chromedriver version for google-chrome
2025-04-10 15:24:23,841 - INFO - Driver [C:\Users\Panchal Devang\.wdm\drivers\chromedriver\win64\135.0.7049.84\chromedriver-win32/chromedriver.exe] found in cache
2025-04-10 15:24:25,298 - INFO - WebDriver initialized (non-headless)
2025-04-10 15:24:25,299 - INFO - Processing Step 1/4: https://adrinolinks.in/HucM6
2025-04-10 15:24:36,333 - INFO - Detected countdown time: 5 seconds
2025-04-10 15:24:43,491 - INFO - Closed a popup advertisement
2025-04-10 15:24:45,528 - INFO - No more popups to close
2025-04-10 15:24:45,664 - INFO - Found 'Click here to proceed' button. Next URL: https://keedabankingnews.com/fibe-se-personal-loan-kaise-le/
2025-04-10 15:24:53,391 - INFO - Processing Step 2/4: https://keedabankingnews.com/fibe-se-personal-loan-kaise-le/
2025-04-10 15:24:55,238 - INFO - Detected countdown time: 10 seconds
2025-04-10 15:25:08,955 - INFO - Closed a popup advertisement
2025-04-10 15:25:10,998 - INFO - No more popups to close
2025-04-10 15:25:11,095 - INFO - Waiting an additional 5 seconds on Page 2 to stabilize...
2025-04-10 15:25:16,252 - INFO - Found 'Click here to proceed' button. Next URL: https://keedabankingnews.com/fino-payment-bank-seving-acount-kaise-khole/
2025-04-10 15:25:23,190 - INFO - Processing Step 3/4: https://keedabankingnews.com/fino-payment-bank-seving-acount-kaise-khole/
2025-04-10 15:25:26,479 - INFO - Detected countdown time: 9 seconds
2025-04-10 15:25:37,610 - INFO - Closed a popup advertisement
2025-04-10 15:25:39,676 - INFO - No more popups to close
2025-04-10 15:25:39,850 - INFO - Found 'Click here to proceed' button. Next URL: https://keedabankingnews.com/credit-card-kitne-din-me-ban-jata-hai/
2025-04-10 15:25:47,375 - INFO - Processing Step 4/4: https://keedabankingnews.com/credit-card-kitne-din-me-ban-jata-hai/
2025-04-10 15:25:49,792 - INFO - Detected countdown time: 9 seconds
2025-04-10 15:26:00,893 - INFO - Closed a popup advertisement
2025-04-10 15:26:02,961 - INFO - No more popups to close
2025-04-10 15:26:03,101 - INFO - No explicit 'Get Link' href found, constructed URL: https://keedabankingnews.com/credit-card-kitne-din-me-ban-jata-hai/includes/open.php?id=HucM6
2025-04-10 15:26:29,799 - INFO - Waiting for final Telegram redirect...
2025-04-10 15:27:00,309 - ERROR - Error in bypass process: Message: 

2025-04-10 15:27:03,529 - INFO - WebDriver closed
2025-04-10 15:27:03,530 - ERROR - Failed to complete bypass process
2025-04-10 15:28:54,986 - INFO - Starting bypass process with URL: https://adrinolinks.in/HucM6
2025-04-10 15:28:54,987 - INFO - ====== WebDriver manager ======
2025-04-10 15:28:57,031 - INFO - Get LATEST chromedriver version for google-chrome
2025-04-10 15:28:57,366 - INFO - Get LATEST chromedriver version for google-chrome
2025-04-10 15:28:57,540 - INFO - Driver [C:\Users\Panchal Devang\.wdm\drivers\chromedriver\win64\135.0.7049.84\chromedriver-win32/chromedriver.exe] found in cache
2025-04-10 15:28:59,701 - INFO - WebDriver initialized (non-headless)
2025-04-10 15:28:59,702 - INFO - Processing Step 1/4: https://adrinolinks.in/HucM6
2025-04-10 15:29:10,986 - INFO - Found countdown button. Waiting 15 seconds...
2025-04-10 15:29:26,722 - INFO - Closed popup advertisement
2025-04-10 15:29:29,243 - INFO - Found 'Click here to proceed' button. Next URL: https://keedabankingnews.com/the-most-thrilling-ipl-finals-of-all-time/
2025-04-10 15:29:32,868 - INFO - Browser console: WARNING - https://securepubads.g.doubleclick.net/pagead/managed/js/gpt/m202504090101/pubads_impl.js?cb=31091660 32:389457 "[GPT] Attempted to load GPT multiple times.\nhttps://goo.gle/gpt-message#152"
2025-04-10 15:29:32,868 - INFO - Browser console: INFO - https://cdn.ampproject.org/rtv/012503242227000/amp4ads-v0.mjs 1:199647 "Powered by AMP \u26a1 HTML – Version 2503242227000" "https://keedabankingnews.com/"
2025-04-10 15:29:32,877 - INFO - Browser console: WARNING - https://securepubads.g.doubleclick.net/pagead/managed/js/gpt/m202504090101/pubads_impl.js?cb=31091660 32:389457 "[GPT] Interstitial /23284291807/ca-pub-3479385539139894-tag/ad1 not requested: Format already created on the page.\nhttps://goo.gle/gpt-message#134"
2025-04-10 15:29:32,877 - INFO - Browser console: WARNING - https://securepubads.g.doubleclick.net/pagead/managed/js/gpt/m202504090101/pubads_impl.js?cb=31091660 32:389457 "[GPT] Anchor /23284291807/ca-pub-3479385539139894-tag/newad1 not requested: Format already created on the page.\nhttps://goo.gle/gpt-message#134"
2025-04-10 15:29:32,877 - INFO - Browser console: INFO - https://cdn.ampproject.org/rtv/012503242227000/amp4ads-v0.mjs 1:199647 "Powered by AMP \u26a1 HTML – Version 2503242227000" "https://keedabankingnews.com/"
2025-04-10 15:29:32,877 - INFO - Browser console: SEVERE - https://keedabankingnews.com/favicon.ico - Failed to load resource: the server responded with a status of 404 ()
2025-04-10 15:29:32,877 - INFO - Browser console: SEVERE - https://keedabankingnews.com/ 444:43 Uncaught TypeError: Cannot read properties of null (reading 'style')
2025-04-10 15:29:32,877 - INFO - Browser console: SEVERE - https://keedabankingnews.com/ 444:43 Uncaught TypeError: Cannot read properties of null (reading 'style')
2025-04-10 15:29:32,877 - INFO - Browser console: SEVERE - https://keedabankingnews.com/ 444:43 Uncaught TypeError: Cannot read properties of null (reading 'style')
2025-04-10 15:29:32,877 - INFO - Browser console: SEVERE - https://keedabankingnews.com/ 444:43 Uncaught TypeError: Cannot read properties of null (reading 'style')
2025-04-10 15:29:32,877 - INFO - Browser console: SEVERE - https://keedabankingnews.com/ 444:43 Uncaught TypeError: Cannot read properties of null (reading 'style')
2025-04-10 15:29:32,878 - INFO - Browser console: SEVERE - https://keedabankingnews.com/ 444:43 Uncaught TypeError: Cannot read properties of null (reading 'style')
2025-04-10 15:29:32,878 - INFO - Browser console: SEVERE - https://keedabankingnews.com/ 444:43 Uncaught TypeError: Cannot read properties of null (reading 'style')
2025-04-10 15:29:32,878 - INFO - Browser console: SEVERE - https://keedabankingnews.com/ 444:43 Uncaught TypeError: Cannot read properties of null (reading 'style')
2025-04-10 15:29:32,878 - INFO - Browser console: SEVERE - https://keedabankingnews.com/ 444:43 Uncaught TypeError: Cannot read properties of null (reading 'style')
2025-04-10 15:29:32,878 - INFO - Browser console: SEVERE - https://keedabankingnews.com/ 444:43 Uncaught TypeError: Cannot read properties of null (reading 'style')
2025-04-10 15:29:32,878 - INFO - Browser console: SEVERE - https://keedabankingnews.com/ 444:43 Uncaught TypeError: Cannot read properties of null (reading 'style')
2025-04-10 15:29:32,878 - INFO - Browser console: SEVERE - https://keedabankingnews.com/ 444:43 Uncaught TypeError: Cannot read properties of null (reading 'style')
2025-04-10 15:29:32,878 - INFO - Browser console: SEVERE - https://keedabankingnews.com/ 444:43 Uncaught TypeError: Cannot read properties of null (reading 'style')
2025-04-10 15:29:34,879 - INFO - Processing Step 2/4: https://keedabankingnews.com/the-most-thrilling-ipl-finals-of-all-time/
2025-04-10 15:29:37,327 - INFO - Found countdown button. Waiting 15 seconds...
2025-04-10 15:29:53,011 - INFO - Closed popup advertisement
2025-04-10 15:29:55,250 - INFO - Found 'Click here to proceed' button. Next URL: https://keedabankingnews.com/the-best-ipl-bowling-spells-of-all-time/
2025-04-10 15:29:59,394 - INFO - Browser console: SEVERE - https://keedabankingnews.com/ 444:43 Uncaught TypeError: Cannot read properties of null (reading 'style')
2025-04-10 15:29:59,394 - INFO - Browser console: SEVERE - https://keedabankingnews.com/ 444:43 Uncaught TypeError: Cannot read properties of null (reading 'style')
2025-04-10 15:29:59,394 - INFO - Browser console: WARNING - https://securepubads.g.doubleclick.net/pagead/managed/js/gpt/m202504090101/pubads_impl.js?cb=31091660 32:389457 "[GPT] Attempted to load GPT multiple times.\nhttps://goo.gle/gpt-message#152"
2025-04-10 15:29:59,394 - INFO - Browser console: WARNING - https://securepubads.g.doubleclick.net/pagead/managed/js/gpt/m202504090101/pubads_impl.js?cb=31091660 32:389457 "[GPT] Anchor /23284291807/ca-pub-3479385539139894-tag/ad1 not requested: Codeless ad unit request not sent because there are existing sticky elements on the page.\nhttps://goo.gle/gpt-message#180"
2025-04-10 15:29:59,395 - INFO - Browser console: INFO - https://cdn.ampproject.org/rtv/012503242227000/amp4ads-v0.mjs 1:199647 "Powered by AMP \u26a1 HTML – Version 2503242227000" "https://keedabankingnews.com/the-most-thrilling-ipl-finals-of-all-time/"
2025-04-10 15:29:59,395 - INFO - Browser console: WARNING - https://securepubads.g.doubleclick.net/pagead/managed/js/gpt/m202504090101/pubads_impl.js?cb=31091660 32:389457 "[GPT] Anchor /23284291807/ca-pub-3479385539139894-tag/ad1 not requested: Codeless ad unit request not sent because there are existing sticky elements on the page.\nhttps://goo.gle/gpt-message#180"
2025-04-10 15:29:59,395 - INFO - Browser console: WARNING - https://securepubads.g.doubleclick.net/pagead/managed/js/gpt/m202504090101/pubads_impl.js?cb=31091660 32:389457 "[GPT] Interstitial /23284291807/ca-pub-3479385539139894-tag/newad1 not requested: Format already created on the page.\nhttps://goo.gle/gpt-message#134"
2025-04-10 15:29:59,395 - INFO - Browser console: SEVERE - https://keedabankingnews.com/the-most-thrilling-ipl-finals-of-all-time/ 513:43 Uncaught TypeError: Cannot read properties of null (reading 'style')
2025-04-10 15:29:59,395 - INFO - Browser console: SEVERE - https://keedabankingnews.com/the-most-thrilling-ipl-finals-of-all-time/ 513:43 Uncaught TypeError: Cannot read properties of null (reading 'style')
2025-04-10 15:29:59,395 - INFO - Browser console: SEVERE - https://keedabankingnews.com/the-most-thrilling-ipl-finals-of-all-time/ 513:43 Uncaught TypeError: Cannot read properties of null (reading 'style')
2025-04-10 15:29:59,395 - INFO - Browser console: SEVERE - https://keedabankingnews.com/the-most-thrilling-ipl-finals-of-all-time/ 513:43 Uncaught TypeError: Cannot read properties of null (reading 'style')
2025-04-10 15:29:59,395 - INFO - Browser console: SEVERE - https://keedabankingnews.com/the-most-thrilling-ipl-finals-of-all-time/ 513:43 Uncaught TypeError: Cannot read properties of null (reading 'style')
2025-04-10 15:29:59,395 - INFO - Browser console: SEVERE - https://keedabankingnews.com/the-most-thrilling-ipl-finals-of-all-time/ 513:43 Uncaught TypeError: Cannot read properties of null (reading 'style')
2025-04-10 15:29:59,395 - INFO - Browser console: WARNING - https://securepubads.g.doubleclick.net/pagead/managed/js/gpt/m202504090101/pubads_impl.js?cb=31091660 32:389457 "[GPT] Attempted to load GPT multiple times.\nhttps://goo.gle/gpt-message#152"
2025-04-10 15:30:01,396 - INFO - Processing Step 3/4: https://keedabankingnews.com/the-best-ipl-bowling-spells-of-all-time/
2025-04-10 15:30:03,283 - INFO - Found countdown button. Waiting 15 seconds...
2025-04-10 15:30:19,639 - INFO - Starting bypass process with URL: https://adrinolinks.in/HucM6
2025-04-10 15:30:19,639 - INFO - ====== WebDriver manager ======
2025-04-10 15:30:21,475 - INFO - Get LATEST chromedriver version for google-chrome
2025-04-10 15:30:21,675 - INFO - Get LATEST chromedriver version for google-chrome
2025-04-10 15:30:21,849 - INFO - Driver [C:\Users\Panchal Devang\.wdm\drivers\chromedriver\win64\135.0.7049.84\chromedriver-win32/chromedriver.exe] found in cache
2025-04-10 15:30:23,413 - INFO - WebDriver initialized (non-headless)
2025-04-10 15:30:23,413 - INFO - Processing Step 1/4: https://adrinolinks.in/HucM6
2025-04-10 15:30:29,240 - INFO - Detected countdown time: 9 seconds
2025-04-10 15:30:40,411 - INFO - Closed a popup advertisement
2025-04-10 15:30:42,627 - INFO - No more popups to close
2025-04-10 15:30:42,844 - INFO - Found 'Click here to proceed' button. Next URL: https://keedabankingnews.com/best-ipl-batting-performances-of-all-time/
2025-04-10 15:30:50,280 - INFO - Processing Step 2/4: https://keedabankingnews.com/best-ipl-batting-performances-of-all-time/
2025-04-10 15:30:52,695 - INFO - Detected countdown time: 10 seconds
2025-04-10 15:31:05,218 - INFO - Closed a popup advertisement
2025-04-10 15:31:07,339 - INFO - No more popups to close
2025-04-10 15:31:07,460 - INFO - Waiting an additional 5 seconds on Page 2 to stabilize...
2025-04-10 15:31:12,612 - INFO - Found 'Click here to proceed' button. Next URL: https://keedabankingnews.com/kotak-mahindra-bank-se-personal-loan-kaise-le/
2025-04-10 15:31:23,964 - INFO - Processing Step 3/4: https://keedabankingnews.com/kotak-mahindra-bank-se-personal-loan-kaise-le/
2025-04-10 15:31:29,411 - INFO - Detected countdown time: 7 seconds
2025-04-10 15:31:41,280 - INFO - Closed a popup advertisement
2025-04-10 15:31:43,928 - INFO - No more popups to close
2025-04-10 15:31:44,548 - INFO - Found 'Click here to proceed' button. Next URL: https://keedabankingnews.com/iocl-data-entry-operator-456-recruitment/
2025-04-10 15:31:54,995 - INFO - Processing Step 4/4: https://keedabankingnews.com/iocl-data-entry-operator-456-recruitment/
2025-04-10 15:32:12,641 - WARNING - Could not detect countdown time, defaulting to 15 seconds: 'NoneType' object has no attribute 'group'
2025-04-10 15:32:29,766 - INFO - Closed a popup advertisement
2025-04-10 15:32:31,815 - INFO - No more popups to close
2025-04-10 15:32:31,960 - INFO - No explicit 'Get Link' href found, constructed URL: https://keedabankingnews.com/iocl-data-entry-operator-456-recruitment/includes/open.php?id=HucM6
2025-04-10 15:32:42,535 - INFO - Waiting for final Telegram redirect...
2025-04-10 15:33:16,607 - ERROR - Error in bypass process: Message: 

2025-04-10 15:33:21,738 - INFO - WebDriver closed
2025-04-10 15:33:21,772 - ERROR - Failed to complete bypass process
